Using pre-set license
Built from '2020.3/staging' branch; Version is '2020.3.3f1 (76626098c1c4) revision 7758432'; Using compiler version '192528614'; Build Type 'Release'
OS: 'Windows 10 Pro; OS build 19043.1237; Version 2009; 64bit' Language: 'en' Physical Memory: 8029 MB
BatchMode: 1, IsHumanControllingUs: 0, StartBugReporterOnCrash: 0, Is64bit: 1, IsPro: 0

 COMMAND LINE ARGUMENTS:
C:\Program Files\Unity\Hub\Editor\2020.3.18f1\Editor\Unity.exe
-adb2
-batchMode
-noUpm
-name
AssetImportWorker0
-projectPath
C:/Users/Gui27/Documents/Documentos/UFABC/10quad/PBCJ/Lab/Lab2/Lab3_Cartas_v2
-logFile
Logs/AssetImportWorker0.log
-srvPort
17406
Successfully changed project path to: C:/Users/Gui27/Documents/Documentos/UFABC/10quad/PBCJ/Lab/Lab2/Lab3_Cartas_v2
C:/Users/Gui27/Documents/Documentos/UFABC/10quad/PBCJ/Lab/Lab2/Lab3_Cartas_v2
Using Asset Import Pipeline V2.
Refreshing native plugins compatible for Editor in 55.57 ms, found 3 plugins.
Preloading 0 native plugins for Editor in 0.00 ms.
Initialize engine version: 2020.3.3f1 (76626098c1c4)
[Subsystems] Discovering subsystems at path C:/Program Files/Unity/Hub/Editor/2020.3.18f1/Editor/Data/Resources/UnitySubsystems
[Subsystems] Discovering subsystems at path C:/Users/Gui27/Documents/Documentos/UFABC/10quad/PBCJ/Lab/Lab2/Lab3_Cartas_v2/Assets
GfxDevice: creating device client; threaded=0
Direct3D:
    Version:  Direct3D 11.0 [level 11.1]
    Renderer: NVIDIA GeForce GTX 1650 (ID=0x1f91)
    Vendor:   
    VRAM:     3962 MB
    Driver:   30.0.14.7212
Initialize mono
Mono path[0] = 'C:/Program Files/Unity/Hub/Editor/2020.3.18f1/Editor/Data/Managed'
Mono path[1] = 'C:/Program Files/Unity/Hub/Editor/2020.3.18f1/Editor/Data/MonoBleedingEdge/lib/mono/unityjit'
Mono config path = 'C:/Program Files/Unity/Hub/Editor/2020.3.18f1/Editor/Data/MonoBleedingEdge/etc'
Using monoOptions --debugger-agent=transport=dt_socket,embedding=1,server=y,suspend=n,address=127.0.0.1:56836
Begin MonoManager ReloadAssembly
Registering precompiled unity dll's ...
Register platform support module: C:/Program Files/Unity/Hub/Editor/2020.3.18f1/Editor/Data/PlaybackEngines/WindowsStandaloneSupport/UnityEditor.WindowsStandalone.Extensions.dll
Registered in 0.003423 seconds.
Native extension for WindowsStandalone target not found
Refreshing native plugins compatible for Editor in 39.76 ms, found 3 plugins.
Preloading 0 native plugins for Editor in 0.00 ms.
Invoked RoslynAnalysisRunner static constructor.
RoslynAnalysisRunner will not be running.
RoslynAnalysisRunner has terminated.
Mono: successfully reloaded assembly
- Completed reload, in  2.119 seconds
Platform modules already initialized, skipping
Registering precompiled user dll's ...
Registered in 0.006537 seconds.
Begin MonoManager ReloadAssembly
Native extension for WindowsStandalone target not found
Refreshing native plugins compatible for Editor in 41.81 ms, found 3 plugins.
Preloading 0 native plugins for Editor in 0.00 ms.
Invoked RoslynAnalysisRunner static constructor.
RoslynAnalysisRunner will not be running.
RoslynAnalysisRunner has terminated.
Mono: successfully reloaded assembly
- Completed reload, in  1.690 seconds
Platform modules already initialized, skipping
========================================================================
Worker process is ready to serve import requests
Launched and connected shader compiler UnityShaderCompiler.exe after 0.24 seconds
Refreshing native plugins compatible for Editor in 0.44 ms, found 3 plugins.
Preloading 0 native plugins for Editor in 0.00 ms.
Unloading 2096 Unused Serialized files (Serialized files now loaded: 0)
System memory in use before: 94.0 MB.
System memory in use after: 94.1 MB.

Unloading 26 unused Assets to reduce memory usage. Loaded Objects now: 2537.
Total: 3.709400 ms (FindLiveObjects: 0.711400 ms CreateObjectMapping: 0.271500 ms MarkObjects: 2.647700 ms  DeleteObjects: 0.077100 ms)

========================================================================
Received Prepare
Registering precompiled user dll's ...
Registered in 0.004880 seconds.
Begin MonoManager ReloadAssembly
Native extension for WindowsStandalone target not found
Refreshing native plugins compatible for Editor in 0.41 ms, found 3 plugins.
Preloading 0 native plugins for Editor in 0.00 ms.
Invoked RoslynAnalysisRunner static constructor.
RoslynAnalysisRunner will not be running.
RoslynAnalysisRunner has terminated.
Mono: successfully reloaded assembly
- Completed reload, in  1.125 seconds
Platform modules already initialized, skipping
Refreshing native plugins compatible for Editor in 1.01 ms, found 3 plugins.
Preloading 0 native plugins for Editor in 0.00 ms.
Unloading 2086 Unused Serialized files (Serialized files now loaded: 0)
System memory in use before: 93.4 MB.
System memory in use after: 93.6 MB.

Unloading 14 unused Assets to reduce memory usage. Loaded Objects now: 2540.
Total: 2.909100 ms (FindLiveObjects: 0.464300 ms CreateObjectMapping: 0.133700 ms MarkObjects: 2.286800 ms  DeleteObjects: 0.022200 ms)

========================================================================
Received Import Request.
  path: Assets/Scripts/ManageBotoes.cs
  artifactKey: Guid(23e44bcfabb745749a416141d1af0fa2) Importer(815301076,1909f56bfc062723c751e8b465ee728b)
Start importing Assets/Scripts/ManageBotoes.cs using Guid(23e44bcfabb745749a416141d1af0fa2) Importer(815301076,1909f56bfc062723c751e8b465ee728b)  -> (artifact id: '95873234832d9e82060ab5cd00df5fad') in 0.036009 seconds
  Import took 0.043812 seconds .

========================================================================
Received Prepare
Registering precompiled user dll's ...
Registered in 0.004802 seconds.
Begin MonoManager ReloadAssembly
Native extension for WindowsStandalone target not found
Refreshing native plugins compatible for Editor in 0.46 ms, found 3 plugins.
Preloading 0 native plugins for Editor in 0.00 ms.
Invoked RoslynAnalysisRunner static constructor.
RoslynAnalysisRunner will not be running.
RoslynAnalysisRunner has terminated.
Mono: successfully reloaded assembly
- Completed reload, in  1.158 seconds
Platform modules already initialized, skipping
Refreshing native plugins compatible for Editor in 0.55 ms, found 3 plugins.
Preloading 0 native plugins for Editor in 0.00 ms.
Unloading 2085 Unused Serialized files (Serialized files now loaded: 0)
System memory in use before: 93.5 MB.
System memory in use after: 93.6 MB.

Unloading 15 unused Assets to reduce memory usage. Loaded Objects now: 2542.
Total: 2.376200 ms (FindLiveObjects: 0.234100 ms CreateObjectMapping: 0.082200 ms MarkObjects: 2.036200 ms  DeleteObjects: 0.022300 ms)

========================================================================
Received Import Request.
  Time since last request: 24.228485 seconds.
  path: Assets/Scripts/ManageCartas.cs
  artifactKey: Guid(87c332dcaf8fff646a2a360614d820a6) Importer(815301076,1909f56bfc062723c751e8b465ee728b)
Start importing Assets/Scripts/ManageCartas.cs using Guid(87c332dcaf8fff646a2a360614d820a6) Importer(815301076,1909f56bfc062723c751e8b465ee728b)  -> (artifact id: '8678bc44af4a6f27e44fc20127d05284') in 0.006193 seconds
  Import took 0.015251 seconds .

========================================================================
Received Import Request.
  Time since last request: 19.721344 seconds.
  path: Assets/Scripts/ManageCartas.cs
  artifactKey: Guid(87c332dcaf8fff646a2a360614d820a6) Importer(815301076,1909f56bfc062723c751e8b465ee728b)
Start importing Assets/Scripts/ManageCartas.cs using Guid(87c332dcaf8fff646a2a360614d820a6) Importer(815301076,1909f56bfc062723c751e8b465ee728b)  -> (artifact id: '7ac4f4bb11d45ae3cc5a8e5955872026') in 0.004665 seconds
  Import took 0.012682 seconds .

========================================================================
Received Import Request.
  Time since last request: 12.908100 seconds.
  path: Assets/Scripts/ManageCartas.cs
  artifactKey: Guid(87c332dcaf8fff646a2a360614d820a6) Importer(815301076,1909f56bfc062723c751e8b465ee728b)
Start importing Assets/Scripts/ManageCartas.cs using Guid(87c332dcaf8fff646a2a360614d820a6) Importer(815301076,1909f56bfc062723c751e8b465ee728b)  -> (artifact id: 'be918439fcfb7fdbbf0f398cef741a5b') in 0.004815 seconds
  Import took 0.012116 seconds .

========================================================================
Received Import Request.
  Time since last request: 0.007641 seconds.
  path: Assets/Scripts/ManageCartas.cs
  artifactKey: Guid(87c332dcaf8fff646a2a360614d820a6) Importer(815301076,1909f56bfc062723c751e8b465ee728b)
Start importing Assets/Scripts/ManageCartas.cs using Guid(87c332dcaf8fff646a2a360614d820a6) Importer(815301076,1909f56bfc062723c751e8b465ee728b)  -> (artifact id: 'be918439fcfb7fdbbf0f398cef741a5b') in 0.003471 seconds
  Import took 0.010894 seconds .

========================================================================
Received Import Request.
  Time since last request: 19.625422 seconds.
  path: Assets/Scripts/ManageCartas.cs
  artifactKey: Guid(87c332dcaf8fff646a2a360614d820a6) Importer(815301076,1909f56bfc062723c751e8b465ee728b)
Start importing Assets/Scripts/ManageCartas.cs using Guid(87c332dcaf8fff646a2a360614d820a6) Importer(815301076,1909f56bfc062723c751e8b465ee728b)  -> (artifact id: 'd922acc3c190f697b7ed6773e57cdf3f') in 0.004704 seconds
  Import took 0.011805 seconds .

========================================================================
Received Import Request.
  Time since last request: 7.623994 seconds.
  path: Assets/Scripts/ManageCartas.cs
  artifactKey: Guid(87c332dcaf8fff646a2a360614d820a6) Importer(815301076,1909f56bfc062723c751e8b465ee728b)
Start importing Assets/Scripts/ManageCartas.cs using Guid(87c332dcaf8fff646a2a360614d820a6) Importer(815301076,1909f56bfc062723c751e8b465ee728b)  -> (artifact id: '571aa7ff529d286db3a24cfba47624a6') in 0.003298 seconds
  Import took 0.010181 seconds .

========================================================================
Received Import Request.
  Time since last request: 5.644126 seconds.
  path: Assets/Scripts/ManageCartas.cs
  artifactKey: Guid(87c332dcaf8fff646a2a360614d820a6) Importer(815301076,1909f56bfc062723c751e8b465ee728b)
Start importing Assets/Scripts/ManageCartas.cs using Guid(87c332dcaf8fff646a2a360614d820a6) Importer(815301076,1909f56bfc062723c751e8b465ee728b)  -> (artifact id: '34f52531f992626f94bd9c63ba17ae86') in 0.004123 seconds
  Import took 0.011386 seconds .

========================================================================
Received Import Request.
  Time since last request: 21.591677 seconds.
  path: Assets/Scripts/ManageCartas.cs
  artifactKey: Guid(87c332dcaf8fff646a2a360614d820a6) Importer(815301076,1909f56bfc062723c751e8b465ee728b)
Start importing Assets/Scripts/ManageCartas.cs using Guid(87c332dcaf8fff646a2a360614d820a6) Importer(815301076,1909f56bfc062723c751e8b465ee728b)  -> (artifact id: 'd7dc108a1579fa7cc71372abf64aa263') in 0.003504 seconds
  Import took 0.010752 seconds .

========================================================================
Received Import Request.
  Time since last request: 6.122970 seconds.
  path: Assets/Scripts/ManageCartas.cs
  artifactKey: Guid(87c332dcaf8fff646a2a360614d820a6) Importer(815301076,1909f56bfc062723c751e8b465ee728b)
Start importing Assets/Scripts/ManageCartas.cs using Guid(87c332dcaf8fff646a2a360614d820a6) Importer(815301076,1909f56bfc062723c751e8b465ee728b)  -> (artifact id: 'ff3caa1e98e62cdf43d85ad472a29582') in 0.003343 seconds
  Import took 0.011237 seconds .

========================================================================
Received Import Request.
  Time since last request: 11.203711 seconds.
  path: Assets/Scripts/ManageCartas.cs
  artifactKey: Guid(87c332dcaf8fff646a2a360614d820a6) Importer(815301076,1909f56bfc062723c751e8b465ee728b)
Start importing Assets/Scripts/ManageCartas.cs using Guid(87c332dcaf8fff646a2a360614d820a6) Importer(815301076,1909f56bfc062723c751e8b465ee728b)  -> (artifact id: 'fb92d548076ab99bd821a13d2d233073') in 0.004178 seconds
  Import took 0.013448 seconds .

========================================================================
Received Import Request.
  Time since last request: 6.332786 seconds.
  path: Assets/Scripts/ManageCartas.cs
  artifactKey: Guid(87c332dcaf8fff646a2a360614d820a6) Importer(815301076,1909f56bfc062723c751e8b465ee728b)
Start importing Assets/Scripts/ManageCartas.cs using Guid(87c332dcaf8fff646a2a360614d820a6) Importer(815301076,1909f56bfc062723c751e8b465ee728b)  -> (artifact id: '305689c1110db184d3d17939be3fc161') in 0.004291 seconds
  Import took 0.013038 seconds .

========================================================================
Received Import Request.
  Time since last request: 14.321307 seconds.
  path: Assets/Scripts/ManageCartas.cs
  artifactKey: Guid(87c332dcaf8fff646a2a360614d820a6) Importer(815301076,1909f56bfc062723c751e8b465ee728b)
Start importing Assets/Scripts/ManageCartas.cs using Guid(87c332dcaf8fff646a2a360614d820a6) Importer(815301076,1909f56bfc062723c751e8b465ee728b)  -> (artifact id: '99edce5a4755197e3098e26953693b81') in 0.004107 seconds
  Import took 0.011674 seconds .

========================================================================
Received Import Request.
  Time since last request: 39.884140 seconds.
  path: Assets/Scripts/ManageCartas.cs
  artifactKey: Guid(87c332dcaf8fff646a2a360614d820a6) Importer(815301076,1909f56bfc062723c751e8b465ee728b)
Start importing Assets/Scripts/ManageCartas.cs using Guid(87c332dcaf8fff646a2a360614d820a6) Importer(815301076,1909f56bfc062723c751e8b465ee728b)  -> (artifact id: '0e6e7c27f6ac63af9eaab1e7599b1f21') in 0.003921 seconds
  Import took 0.011326 seconds .

========================================================================
Received Import Request.
  Time since last request: 0.005978 seconds.
  path: Assets/Scripts/ManageCartas.cs
  artifactKey: Guid(87c332dcaf8fff646a2a360614d820a6) Importer(815301076,1909f56bfc062723c751e8b465ee728b)
Start importing Assets/Scripts/ManageCartas.cs using Guid(87c332dcaf8fff646a2a360614d820a6) Importer(815301076,1909f56bfc062723c751e8b465ee728b)  -> (artifact id: '0e6e7c27f6ac63af9eaab1e7599b1f21') in 0.003973 seconds
  Import took 0.010921 seconds .

========================================================================
Received Import Request.
  Time since last request: 7.330394 seconds.
  path: Assets/Scripts/ManageCartas.cs
  artifactKey: Guid(87c332dcaf8fff646a2a360614d820a6) Importer(815301076,1909f56bfc062723c751e8b465ee728b)
Start importing Assets/Scripts/ManageCartas.cs using Guid(87c332dcaf8fff646a2a360614d820a6) Importer(815301076,1909f56bfc062723c751e8b465ee728b)  -> (artifact id: '9d79b17203567f3d611ab0e18c05faf9') in 0.003738 seconds
  Import took 0.010092 seconds .

========================================================================
Received Import Request.
  Time since last request: 32.515157 seconds.
  path: Assets/Scripts/ManageCartas.cs
  artifactKey: Guid(87c332dcaf8fff646a2a360614d820a6) Importer(815301076,1909f56bfc062723c751e8b465ee728b)
Start importing Assets/Scripts/ManageCartas.cs using Guid(87c332dcaf8fff646a2a360614d820a6) Importer(815301076,1909f56bfc062723c751e8b465ee728b)  -> (artifact id: '9b2a3b5be5d1b80a79eb47f607244c7d') in 0.006784 seconds
  Import took 0.019729 seconds .

========================================================================
Received Import Request.
  Time since last request: 6.629953 seconds.
  path: Assets/Scripts/ManageCartas.cs
  artifactKey: Guid(87c332dcaf8fff646a2a360614d820a6) Importer(815301076,1909f56bfc062723c751e8b465ee728b)
Start importing Assets/Scripts/ManageCartas.cs using Guid(87c332dcaf8fff646a2a360614d820a6) Importer(815301076,1909f56bfc062723c751e8b465ee728b)  -> (artifact id: '136a08cfdad917a57fce6ee5969689a3') in 0.004091 seconds
  Import took 0.012040 seconds .

========================================================================
Received Import Request.
  Time since last request: 8.509976 seconds.
  path: Assets/Scripts/ManageCartas.cs
  artifactKey: Guid(87c332dcaf8fff646a2a360614d820a6) Importer(815301076,1909f56bfc062723c751e8b465ee728b)
Start importing Assets/Scripts/ManageCartas.cs using Guid(87c332dcaf8fff646a2a360614d820a6) Importer(815301076,1909f56bfc062723c751e8b465ee728b)  -> (artifact id: 'e242e575c84ecf4dcbcd00aebfeea2bf') in 0.003815 seconds
  Import took 0.011553 seconds .

========================================================================
Received Import Request.
  Time since last request: 3.613560 seconds.
  path: Assets/Scripts/ManageCartas.cs
  artifactKey: Guid(87c332dcaf8fff646a2a360614d820a6) Importer(815301076,1909f56bfc062723c751e8b465ee728b)
Start importing Assets/Scripts/ManageCartas.cs using Guid(87c332dcaf8fff646a2a360614d820a6) Importer(815301076,1909f56bfc062723c751e8b465ee728b)  -> (artifact id: '930135eb9625fac2756f99e8983ff03d') in 0.004239 seconds
  Import took 0.011801 seconds .

========================================================================
Received Import Request.
  Time since last request: 8.804667 seconds.
  path: Assets/Scripts/ManageCartas.cs
  artifactKey: Guid(87c332dcaf8fff646a2a360614d820a6) Importer(815301076,1909f56bfc062723c751e8b465ee728b)
Start importing Assets/Scripts/ManageCartas.cs using Guid(87c332dcaf8fff646a2a360614d820a6) Importer(815301076,1909f56bfc062723c751e8b465ee728b)  -> (artifact id: '10efc6f1b1bd7ce9d4f3cd23cdb5a342') in 0.004216 seconds
  Import took 0.011027 seconds .

========================================================================
Received Import Request.
  Time since last request: 1.555204 seconds.
  path: Assets/Scripts/ManageCartas.cs
  artifactKey: Guid(87c332dcaf8fff646a2a360614d820a6) Importer(815301076,1909f56bfc062723c751e8b465ee728b)
Start importing Assets/Scripts/ManageCartas.cs using Guid(87c332dcaf8fff646a2a360614d820a6) Importer(815301076,1909f56bfc062723c751e8b465ee728b)  -> (artifact id: 'eeea45b1118c98fcccbbd9477b75ad23') in 0.004746 seconds
  Import took 0.012602 seconds .

========================================================================
Received Import Request.
  Time since last request: 2.410548 seconds.
  path: Assets/Scripts/ManageCartas.cs
  artifactKey: Guid(87c332dcaf8fff646a2a360614d820a6) Importer(815301076,1909f56bfc062723c751e8b465ee728b)
Start importing Assets/Scripts/ManageCartas.cs using Guid(87c332dcaf8fff646a2a360614d820a6) Importer(815301076,1909f56bfc062723c751e8b465ee728b)  -> (artifact id: '7adc732fc439824e329d49035f8cd135') in 0.004277 seconds
  Import took 0.011175 seconds .

========================================================================
Received Import Request.
  Time since last request: 10.009155 seconds.
  path: Assets/Scripts/ManageCartas.cs
  artifactKey: Guid(87c332dcaf8fff646a2a360614d820a6) Importer(815301076,1909f56bfc062723c751e8b465ee728b)
Start importing Assets/Scripts/ManageCartas.cs using Guid(87c332dcaf8fff646a2a360614d820a6) Importer(815301076,1909f56bfc062723c751e8b465ee728b)  -> (artifact id: '9005a0c571cff4c6e46a669085c651a4') in 0.004270 seconds
  Import took 0.011415 seconds .

========================================================================
Received Import Request.
  Time since last request: 15.913032 seconds.
  path: Assets/Scripts/ManageCartas.cs
  artifactKey: Guid(87c332dcaf8fff646a2a360614d820a6) Importer(815301076,1909f56bfc062723c751e8b465ee728b)
Start importing Assets/Scripts/ManageCartas.cs using Guid(87c332dcaf8fff646a2a360614d820a6) Importer(815301076,1909f56bfc062723c751e8b465ee728b)  -> (artifact id: '318ecef32bb7eb1f21e4285d76a0d386') in 0.003936 seconds
  Import took 0.011256 seconds .

========================================================================
Received Import Request.
  Time since last request: 19.509682 seconds.
  path: Assets/Scripts/ManageCartas.cs
  artifactKey: Guid(87c332dcaf8fff646a2a360614d820a6) Importer(815301076,1909f56bfc062723c751e8b465ee728b)
Start importing Assets/Scripts/ManageCartas.cs using Guid(87c332dcaf8fff646a2a360614d820a6) Importer(815301076,1909f56bfc062723c751e8b465ee728b)  -> (artifact id: '5e8439cb692b87a98aa951bac1526c3c') in 0.004536 seconds
  Import took 0.011460 seconds .

========================================================================
Received Import Request.
  Time since last request: 18.887696 seconds.
  path: Assets/Scripts/ManageCartas.cs
  artifactKey: Guid(87c332dcaf8fff646a2a360614d820a6) Importer(815301076,1909f56bfc062723c751e8b465ee728b)
Start importing Assets/Scripts/ManageCartas.cs using Guid(87c332dcaf8fff646a2a360614d820a6) Importer(815301076,1909f56bfc062723c751e8b465ee728b)  -> (artifact id: '70cc950365629bfbeef12412734bd703') in 0.004742 seconds
  Import took 0.011497 seconds .

========================================================================
Received Import Request.
  Time since last request: 2.729233 seconds.
  path: Assets/Scripts/ManageCartas.cs
  artifactKey: Guid(87c332dcaf8fff646a2a360614d820a6) Importer(815301076,1909f56bfc062723c751e8b465ee728b)
Start importing Assets/Scripts/ManageCartas.cs using Guid(87c332dcaf8fff646a2a360614d820a6) Importer(815301076,1909f56bfc062723c751e8b465ee728b)  -> (artifact id: 'a8b1e8d83c57314e49a5b4980bc0c9b3') in 0.004205 seconds
  Import took 0.012354 seconds .

========================================================================
Received Import Request.
  Time since last request: 15.422905 seconds.
  path: Assets/Scripts/ManageCartas.cs
  artifactKey: Guid(87c332dcaf8fff646a2a360614d820a6) Importer(815301076,1909f56bfc062723c751e8b465ee728b)
Start importing Assets/Scripts/ManageCartas.cs using Guid(87c332dcaf8fff646a2a360614d820a6) Importer(815301076,1909f56bfc062723c751e8b465ee728b)  -> (artifact id: '0c2be3643110ff985fb78de6a0d818b3') in 0.004373 seconds
  Import took 0.011746 seconds .

========================================================================
Received Import Request.
  Time since last request: 15.808225 seconds.
  path: Assets/Scripts/ManageCartas.cs
  artifactKey: Guid(87c332dcaf8fff646a2a360614d820a6) Importer(815301076,1909f56bfc062723c751e8b465ee728b)
Start importing Assets/Scripts/ManageCartas.cs using Guid(87c332dcaf8fff646a2a360614d820a6) Importer(815301076,1909f56bfc062723c751e8b465ee728b)  -> (artifact id: '757047bf6e33e0c68003fbd364c52b07') in 0.004415 seconds
  Import took 0.012369 seconds .

========================================================================
Received Import Request.
  Time since last request: 14.712345 seconds.
  path: Assets/Scripts/ManageCartas.cs
  artifactKey: Guid(87c332dcaf8fff646a2a360614d820a6) Importer(815301076,1909f56bfc062723c751e8b465ee728b)
Start importing Assets/Scripts/ManageCartas.cs using Guid(87c332dcaf8fff646a2a360614d820a6) Importer(815301076,1909f56bfc062723c751e8b465ee728b)  -> (artifact id: 'eb9c34fb8b1ddb2b9b1174d871610851') in 0.004063 seconds
  Import took 0.011775 seconds .

========================================================================
Received Import Request.
  Time since last request: 15.923855 seconds.
  path: Assets/Scripts/ManageCartas.cs
  artifactKey: Guid(87c332dcaf8fff646a2a360614d820a6) Importer(815301076,1909f56bfc062723c751e8b465ee728b)
Start importing Assets/Scripts/ManageCartas.cs using Guid(87c332dcaf8fff646a2a360614d820a6) Importer(815301076,1909f56bfc062723c751e8b465ee728b)  -> (artifact id: 'd491920ad76f8abaf102c758b6de42f7') in 0.003739 seconds
  Import took 0.010984 seconds .

========================================================================
Received Import Request.
  Time since last request: 2.738525 seconds.
  path: Assets/Scripts/ManageCartas.cs
  artifactKey: Guid(87c332dcaf8fff646a2a360614d820a6) Importer(815301076,1909f56bfc062723c751e8b465ee728b)
Start importing Assets/Scripts/ManageCartas.cs using Guid(87c332dcaf8fff646a2a360614d820a6) Importer(815301076,1909f56bfc062723c751e8b465ee728b)  -> (artifact id: 'cc43fca44e5312c5426a2cb9a272036e') in 0.003861 seconds
  Import took 0.011936 seconds .

========================================================================
Received Import Request.
  Time since last request: 15.725189 seconds.
  path: Assets/Scripts/ManageCartas.cs
  artifactKey: Guid(87c332dcaf8fff646a2a360614d820a6) Importer(815301076,1909f56bfc062723c751e8b465ee728b)
Start importing Assets/Scripts/ManageCartas.cs using Guid(87c332dcaf8fff646a2a360614d820a6) Importer(815301076,1909f56bfc062723c751e8b465ee728b)  -> (artifact id: '63c684f2d9d7afeb49f921c8332b0fc5') in 0.005550 seconds
  Import took 0.014160 seconds .

========================================================================
Received Import Request.
  Time since last request: 16.258248 seconds.
  path: Assets/Scripts/ManageCartas.cs
  artifactKey: Guid(87c332dcaf8fff646a2a360614d820a6) Importer(815301076,1909f56bfc062723c751e8b465ee728b)
Start importing Assets/Scripts/ManageCartas.cs using Guid(87c332dcaf8fff646a2a360614d820a6) Importer(815301076,1909f56bfc062723c751e8b465ee728b)  -> (artifact id: '87ba9f687c80770605a52f7d62e107e1') in 0.005314 seconds
  Import took 0.012560 seconds .

========================================================================
Received Import Request.
  Time since last request: 11.817597 seconds.
  path: Assets/Scripts/ManageCartas.cs
  artifactKey: Guid(87c332dcaf8fff646a2a360614d820a6) Importer(815301076,1909f56bfc062723c751e8b465ee728b)
Start importing Assets/Scripts/ManageCartas.cs using Guid(87c332dcaf8fff646a2a360614d820a6) Importer(815301076,1909f56bfc062723c751e8b465ee728b)  -> (artifact id: 'eefb2684ca298520a7b8f64de74d6738') in 0.003966 seconds
  Import took 0.010808 seconds .

========================================================================
Received Import Request.
  Time since last request: 3.913387 seconds.
  path: Assets/Scripts/ManageCartas.cs
  artifactKey: Guid(87c332dcaf8fff646a2a360614d820a6) Importer(815301076,1909f56bfc062723c751e8b465ee728b)
Start importing Assets/Scripts/ManageCartas.cs using Guid(87c332dcaf8fff646a2a360614d820a6) Importer(815301076,1909f56bfc062723c751e8b465ee728b)  -> (artifact id: '430d15cf696f4578df759bb551f249ad') in 0.004092 seconds
  Import took 0.010852 seconds .

========================================================================
Received Import Request.
  Time since last request: 12.195909 seconds.
  path: Assets/Scripts/ManageCartas.cs
  artifactKey: Guid(87c332dcaf8fff646a2a360614d820a6) Importer(815301076,1909f56bfc062723c751e8b465ee728b)
Start importing Assets/Scripts/ManageCartas.cs using Guid(87c332dcaf8fff646a2a360614d820a6) Importer(815301076,1909f56bfc062723c751e8b465ee728b)  -> (artifact id: '9e42c413c54170560e7d03afaf88c707') in 0.004487 seconds
  Import took 0.011963 seconds .

========================================================================
Received Import Request.
  Time since last request: 28.286333 seconds.
  path: Assets/Scripts/ManageCartas.cs
  artifactKey: Guid(87c332dcaf8fff646a2a360614d820a6) Importer(815301076,1909f56bfc062723c751e8b465ee728b)
Start importing Assets/Scripts/ManageCartas.cs using Guid(87c332dcaf8fff646a2a360614d820a6) Importer(815301076,1909f56bfc062723c751e8b465ee728b)  -> (artifact id: 'c87031c993e638a3beca3dddc0a0e273') in 0.003953 seconds
  Import took 0.011243 seconds .

========================================================================
Received Import Request.
  Time since last request: 2.517330 seconds.
  path: Assets/Scripts/ManageCartas.cs
  artifactKey: Guid(87c332dcaf8fff646a2a360614d820a6) Importer(815301076,1909f56bfc062723c751e8b465ee728b)
Start importing Assets/Scripts/ManageCartas.cs using Guid(87c332dcaf8fff646a2a360614d820a6) Importer(815301076,1909f56bfc062723c751e8b465ee728b)  -> (artifact id: 'd5fc6802f5b492d15c5647b37b9d4813') in 0.003856 seconds
  Import took 0.011426 seconds .

========================================================================
Received Import Request.
  Time since last request: 21.093094 seconds.
  path: Assets/Scripts/ManageCartas.cs
  artifactKey: Guid(87c332dcaf8fff646a2a360614d820a6) Importer(815301076,1909f56bfc062723c751e8b465ee728b)
Start importing Assets/Scripts/ManageCartas.cs using Guid(87c332dcaf8fff646a2a360614d820a6) Importer(815301076,1909f56bfc062723c751e8b465ee728b)  -> (artifact id: '83cff88e722ea875287aa1977dfbcb10') in 0.004022 seconds
  Import took 0.011184 seconds .

========================================================================
Received Import Request.
  Time since last request: 33.074184 seconds.
  path: Assets/Scripts/ManageCartas.cs
  artifactKey: Guid(87c332dcaf8fff646a2a360614d820a6) Importer(815301076,1909f56bfc062723c751e8b465ee728b)
Start importing Assets/Scripts/ManageCartas.cs using Guid(87c332dcaf8fff646a2a360614d820a6) Importer(815301076,1909f56bfc062723c751e8b465ee728b)  -> (artifact id: '1d08a1f629d7491c94867be5a56e1da1') in 0.004332 seconds
  Import took 0.011469 seconds .

========================================================================
Received Import Request.
  Time since last request: 9.614976 seconds.
  path: Assets/Scripts/ManageCartas.cs
  artifactKey: Guid(87c332dcaf8fff646a2a360614d820a6) Importer(815301076,1909f56bfc062723c751e8b465ee728b)
Start importing Assets/Scripts/ManageCartas.cs using Guid(87c332dcaf8fff646a2a360614d820a6) Importer(815301076,1909f56bfc062723c751e8b465ee728b)  -> (artifact id: 'f355248f9b1b1e14b4330a91009c7678') in 0.003855 seconds
  Import took 0.010876 seconds .

========================================================================
Received Import Request.
  Time since last request: 22.309600 seconds.
  path: Assets/Scripts/ManageCartas.cs
  artifactKey: Guid(87c332dcaf8fff646a2a360614d820a6) Importer(815301076,1909f56bfc062723c751e8b465ee728b)
Start importing Assets/Scripts/ManageCartas.cs using Guid(87c332dcaf8fff646a2a360614d820a6) Importer(815301076,1909f56bfc062723c751e8b465ee728b)  -> (artifact id: '92347a499848a6149351ae447929ed11') in 0.004659 seconds
  Import took 0.012141 seconds .

========================================================================
Received Import Request.
  Time since last request: 5.618767 seconds.
  path: Assets/Scripts/ManageCartas.cs
  artifactKey: Guid(87c332dcaf8fff646a2a360614d820a6) Importer(815301076,1909f56bfc062723c751e8b465ee728b)
Start importing Assets/Scripts/ManageCartas.cs using Guid(87c332dcaf8fff646a2a360614d820a6) Importer(815301076,1909f56bfc062723c751e8b465ee728b)  -> (artifact id: 'bef86ea0446697e6a9c8a98c9be69e28') in 0.005518 seconds
  Import took 0.012933 seconds .

========================================================================
Received Import Request.
  Time since last request: 6.341587 seconds.
  path: Assets/Scripts/ManageCartas.cs
  artifactKey: Guid(87c332dcaf8fff646a2a360614d820a6) Importer(815301076,1909f56bfc062723c751e8b465ee728b)
Start importing Assets/Scripts/ManageCartas.cs using Guid(87c332dcaf8fff646a2a360614d820a6) Importer(815301076,1909f56bfc062723c751e8b465ee728b)  -> (artifact id: '5e7895037f3fe2683ca81be5d72602e6') in 0.006227 seconds
  Import took 0.014958 seconds .

========================================================================
Received Import Request.
  Time since last request: 3.551725 seconds.
  path: Assets/Scripts/ManageCartas.cs
  artifactKey: Guid(87c332dcaf8fff646a2a360614d820a6) Importer(815301076,1909f56bfc062723c751e8b465ee728b)
Start importing Assets/Scripts/ManageCartas.cs using Guid(87c332dcaf8fff646a2a360614d820a6) Importer(815301076,1909f56bfc062723c751e8b465ee728b)  -> (artifact id: '58d927a89ed805e8cf78ea96bb7d6d6f') in 0.004817 seconds
  Import took 0.012575 seconds .

========================================================================
Received Import Request.
  Time since last request: 60.177693 seconds.
  path: Assets/Scripts/ManageCartas.cs
  artifactKey: Guid(87c332dcaf8fff646a2a360614d820a6) Importer(815301076,1909f56bfc062723c751e8b465ee728b)
Start importing Assets/Scripts/ManageCartas.cs using Guid(87c332dcaf8fff646a2a360614d820a6) Importer(815301076,1909f56bfc062723c751e8b465ee728b)  -> (artifact id: 'a6c2f5eac8e3e76a01d6290751e24a67') in 0.003964 seconds
  Import took 0.012008 seconds .

========================================================================
Received Import Request.
  Time since last request: 5.225232 seconds.
  path: Assets/Scripts/ManageCartas.cs
  artifactKey: Guid(87c332dcaf8fff646a2a360614d820a6) Importer(815301076,1909f56bfc062723c751e8b465ee728b)
Start importing Assets/Scripts/ManageCartas.cs using Guid(87c332dcaf8fff646a2a360614d820a6) Importer(815301076,1909f56bfc062723c751e8b465ee728b)  -> (artifact id: '0c5a0247324846d718edd5d140b90aa0') in 0.004605 seconds
  Import took 0.011367 seconds .

========================================================================
Received Import Request.
  Time since last request: 16.799920 seconds.
  path: Assets/Scripts/ManageCartas.cs
  artifactKey: Guid(87c332dcaf8fff646a2a360614d820a6) Importer(815301076,1909f56bfc062723c751e8b465ee728b)
Start importing Assets/Scripts/ManageCartas.cs using Guid(87c332dcaf8fff646a2a360614d820a6) Importer(815301076,1909f56bfc062723c751e8b465ee728b)  -> (artifact id: '260dbb56dd1d61d25332cd5ef5876b5d') in 0.004361 seconds
  Import took 0.011079 seconds .

========================================================================
Received Import Request.
  Time since last request: 1.943185 seconds.
  path: Assets/Scripts/ManageCartas.cs
  artifactKey: Guid(87c332dcaf8fff646a2a360614d820a6) Importer(815301076,1909f56bfc062723c751e8b465ee728b)
Start importing Assets/Scripts/ManageCartas.cs using Guid(87c332dcaf8fff646a2a360614d820a6) Importer(815301076,1909f56bfc062723c751e8b465ee728b)  -> (artifact id: '3d4899874674a2e79e79975b96d1bbed') in 0.005146 seconds
  Import took 0.012987 seconds .

========================================================================
Received Import Request.
  Time since last request: 11.911073 seconds.
  path: Assets/Scripts/ManageCartas.cs
  artifactKey: Guid(87c332dcaf8fff646a2a360614d820a6) Importer(815301076,1909f56bfc062723c751e8b465ee728b)
Start importing Assets/Scripts/ManageCartas.cs using Guid(87c332dcaf8fff646a2a360614d820a6) Importer(815301076,1909f56bfc062723c751e8b465ee728b)  -> (artifact id: '87c9efa6594e2c756f1466ce7c80ab6c') in 0.004416 seconds
  Import took 0.012722 seconds .

========================================================================
Received Import Request.
  Time since last request: 2.571944 seconds.
  path: Assets/Scripts/ManageCartas.cs
  artifactKey: Guid(87c332dcaf8fff646a2a360614d820a6) Importer(815301076,1909f56bfc062723c751e8b465ee728b)
Start importing Assets/Scripts/ManageCartas.cs using Guid(87c332dcaf8fff646a2a360614d820a6) Importer(815301076,1909f56bfc062723c751e8b465ee728b)  -> (artifact id: 'b8ce8207ea8b21a5d6d631941c4d48a6') in 0.004922 seconds
  Import took 0.014884 seconds .

========================================================================
Received Import Request.
  Time since last request: 16.298446 seconds.
  path: Assets/Scripts/ManageCartas.cs
  artifactKey: Guid(87c332dcaf8fff646a2a360614d820a6) Importer(815301076,1909f56bfc062723c751e8b465ee728b)
Start importing Assets/Scripts/ManageCartas.cs using Guid(87c332dcaf8fff646a2a360614d820a6) Importer(815301076,1909f56bfc062723c751e8b465ee728b)  -> (artifact id: 'b783be150268fc86fa7b8f2e7f9f2cc3') in 0.003740 seconds
  Import took 0.010245 seconds .

========================================================================
Received Import Request.
  Time since last request: 25.798099 seconds.
  path: Assets/Scripts/ManageCartas.cs
  artifactKey: Guid(87c332dcaf8fff646a2a360614d820a6) Importer(815301076,1909f56bfc062723c751e8b465ee728b)
Start importing Assets/Scripts/ManageCartas.cs using Guid(87c332dcaf8fff646a2a360614d820a6) Importer(815301076,1909f56bfc062723c751e8b465ee728b)  -> (artifact id: 'b701a8bbbc00ab3760b9c5022eabab7a') in 0.004032 seconds
  Import took 0.010689 seconds .

========================================================================
Received Import Request.
  Time since last request: 27.002615 seconds.
  path: Assets/Scripts/ManageCartas.cs
  artifactKey: Guid(87c332dcaf8fff646a2a360614d820a6) Importer(815301076,1909f56bfc062723c751e8b465ee728b)
Start importing Assets/Scripts/ManageCartas.cs using Guid(87c332dcaf8fff646a2a360614d820a6) Importer(815301076,1909f56bfc062723c751e8b465ee728b)  -> (artifact id: '56fe8dcd57ca5ed1e402c4de7af66f59') in 0.005274 seconds
  Import took 0.013206 seconds .

========================================================================
Received Import Request.
  Time since last request: 14.608351 seconds.
  path: Assets/Scripts/ManageCartas.cs
  artifactKey: Guid(87c332dcaf8fff646a2a360614d820a6) Importer(815301076,1909f56bfc062723c751e8b465ee728b)
Start importing Assets/Scripts/ManageCartas.cs using Guid(87c332dcaf8fff646a2a360614d820a6) Importer(815301076,1909f56bfc062723c751e8b465ee728b)  -> (artifact id: 'd922e41652004d011c1b096b40de866c') in 0.004438 seconds
  Import took 0.011051 seconds .

========================================================================
Received Import Request.
  Time since last request: 13.203657 seconds.
  path: Assets/Scripts/ManageCartas.cs
  artifactKey: Guid(87c332dcaf8fff646a2a360614d820a6) Importer(815301076,1909f56bfc062723c751e8b465ee728b)
Start importing Assets/Scripts/ManageCartas.cs using Guid(87c332dcaf8fff646a2a360614d820a6) Importer(815301076,1909f56bfc062723c751e8b465ee728b)  -> (artifact id: 'd97215bf52341531e0d9b5fd9b60a7dc') in 0.003870 seconds
  Import took 0.010670 seconds .

========================================================================
Received Import Request.
  Time since last request: 19.218889 seconds.
  path: Assets/Scripts/ManageCartas.cs
  artifactKey: Guid(87c332dcaf8fff646a2a360614d820a6) Importer(815301076,1909f56bfc062723c751e8b465ee728b)
Start importing Assets/Scripts/ManageCartas.cs using Guid(87c332dcaf8fff646a2a360614d820a6) Importer(815301076,1909f56bfc062723c751e8b465ee728b)  -> (artifact id: '1bdb65966cba9a3b42cda73d29a177ab') in 0.004574 seconds
  Import took 0.011759 seconds .

========================================================================
Received Import Request.
  Time since last request: 16.509931 seconds.
  path: Assets/Scripts/ManageCartas.cs
  artifactKey: Guid(87c332dcaf8fff646a2a360614d820a6) Importer(815301076,1909f56bfc062723c751e8b465ee728b)
Start importing Assets/Scripts/ManageCartas.cs using Guid(87c332dcaf8fff646a2a360614d820a6) Importer(815301076,1909f56bfc062723c751e8b465ee728b)  -> (artifact id: 'a62b19917c4b1f5fb0ff7bc7110baf6a') in 0.005294 seconds
  Import took 0.013371 seconds .

========================================================================
Received Import Request.
  Time since last request: 4.419521 seconds.
  path: Assets/Scripts/ManageCartas.cs
  artifactKey: Guid(87c332dcaf8fff646a2a360614d820a6) Importer(815301076,1909f56bfc062723c751e8b465ee728b)
Start importing Assets/Scripts/ManageCartas.cs using Guid(87c332dcaf8fff646a2a360614d820a6) Importer(815301076,1909f56bfc062723c751e8b465ee728b)  -> (artifact id: '39e98456ec1cdb3962952336a8fa53bd') in 0.003917 seconds
  Import took 0.010677 seconds .

========================================================================
Received Import Request.
  Time since last request: 66.580184 seconds.
  path: Assets/Scripts/ManageCartas.cs
  artifactKey: Guid(87c332dcaf8fff646a2a360614d820a6) Importer(815301076,1909f56bfc062723c751e8b465ee728b)
Start importing Assets/Scripts/ManageCartas.cs using Guid(87c332dcaf8fff646a2a360614d820a6) Importer(815301076,1909f56bfc062723c751e8b465ee728b)  -> (artifact id: 'a011eb2c593b5d555272f93e4c86a844') in 0.004030 seconds
  Import took 0.011917 seconds .

========================================================================
Received Import Request.
  Time since last request: 19.898664 seconds.
  path: Assets/Scripts/ManageCartas.cs
  artifactKey: Guid(87c332dcaf8fff646a2a360614d820a6) Importer(815301076,1909f56bfc062723c751e8b465ee728b)
Start importing Assets/Scripts/ManageCartas.cs using Guid(87c332dcaf8fff646a2a360614d820a6) Importer(815301076,1909f56bfc062723c751e8b465ee728b)  -> (artifact id: '9fba6bcf46c3af9bca46a56299d78402') in 0.004155 seconds
  Import took 0.010604 seconds .

========================================================================
Received Import Request.
  Time since last request: 16.810608 seconds.
  path: Assets/Scripts/ManageCartas.cs
  artifactKey: Guid(87c332dcaf8fff646a2a360614d820a6) Importer(815301076,1909f56bfc062723c751e8b465ee728b)
Start importing Assets/Scripts/ManageCartas.cs using Guid(87c332dcaf8fff646a2a360614d820a6) Importer(815301076,1909f56bfc062723c751e8b465ee728b)  -> (artifact id: '9e10904548b4e3441dfceba2a0a13fbe') in 0.003696 seconds
  Import took 0.010839 seconds .

========================================================================
Received Import Request.
  Time since last request: 33.891432 seconds.
  path: Assets/Scripts/ManageCartas.cs
  artifactKey: Guid(87c332dcaf8fff646a2a360614d820a6) Importer(815301076,1909f56bfc062723c751e8b465ee728b)
Start importing Assets/Scripts/ManageCartas.cs using Guid(87c332dcaf8fff646a2a360614d820a6) Importer(815301076,1909f56bfc062723c751e8b465ee728b)  -> (artifact id: '5bd932dcf77f571c27aa1a95d541a2ad') in 0.004838 seconds
  Import took 0.012448 seconds .

========================================================================
Received Import Request.
  Time since last request: 20.894712 seconds.
  path: Assets/Scripts/ManageCartas.cs
  artifactKey: Guid(87c332dcaf8fff646a2a360614d820a6) Importer(815301076,1909f56bfc062723c751e8b465ee728b)
Start importing Assets/Scripts/ManageCartas.cs using Guid(87c332dcaf8fff646a2a360614d820a6) Importer(815301076,1909f56bfc062723c751e8b465ee728b)  -> (artifact id: '9bb948c5fd31e60a2b659a9afbc8597c') in 0.004744 seconds
  Import took 0.012617 seconds .

========================================================================
Received Import Request.
  Time since last request: 30.194996 seconds.
  path: Assets/Scripts/ManageCartas.cs
  artifactKey: Guid(87c332dcaf8fff646a2a360614d820a6) Importer(815301076,1909f56bfc062723c751e8b465ee728b)
Start importing Assets/Scripts/ManageCartas.cs using Guid(87c332dcaf8fff646a2a360614d820a6) Importer(815301076,1909f56bfc062723c751e8b465ee728b)  -> (artifact id: '0c62e42a2618f7af33674ec5c92b6921') in 0.003758 seconds
  Import took 0.010892 seconds .

========================================================================
Received Import Request.
  Time since last request: 21.197155 seconds.
  path: Assets/Scripts/ManageCartas.cs
  artifactKey: Guid(87c332dcaf8fff646a2a360614d820a6) Importer(815301076,1909f56bfc062723c751e8b465ee728b)
Start importing Assets/Scripts/ManageCartas.cs using Guid(87c332dcaf8fff646a2a360614d820a6) Importer(815301076,1909f56bfc062723c751e8b465ee728b)  -> (artifact id: '90e0739060aa678b798af5a2b8f12ef9') in 0.005790 seconds
  Import took 0.014811 seconds .

========================================================================
Received Import Request.
  Time since last request: 4.237390 seconds.
  path: Assets/Scripts/ManageCartas.cs
  artifactKey: Guid(87c332dcaf8fff646a2a360614d820a6) Importer(815301076,1909f56bfc062723c751e8b465ee728b)
Start importing Assets/Scripts/ManageCartas.cs using Guid(87c332dcaf8fff646a2a360614d820a6) Importer(815301076,1909f56bfc062723c751e8b465ee728b)  -> (artifact id: '532d5d8ce1023156dee3446b5e09dbfb') in 0.003693 seconds
  Import took 0.010519 seconds .

========================================================================
Received Import Request.
  Time since last request: 6.407690 seconds.
  path: Assets/Scripts/ManageCartas.cs
  artifactKey: Guid(87c332dcaf8fff646a2a360614d820a6) Importer(815301076,1909f56bfc062723c751e8b465ee728b)
Start importing Assets/Scripts/ManageCartas.cs using Guid(87c332dcaf8fff646a2a360614d820a6) Importer(815301076,1909f56bfc062723c751e8b465ee728b)  -> (artifact id: '05d7ae90b627b444741ad245fe5ea86f') in 0.004444 seconds
  Import took 0.011501 seconds .

========================================================================
Received Import Request.
  Time since last request: 206.483971 seconds.
  path: Assets/Scripts/ManageCartas.cs
  artifactKey: Guid(87c332dcaf8fff646a2a360614d820a6) Importer(815301076,1909f56bfc062723c751e8b465ee728b)
Start importing Assets/Scripts/ManageCartas.cs using Guid(87c332dcaf8fff646a2a360614d820a6) Importer(815301076,1909f56bfc062723c751e8b465ee728b)  -> (artifact id: '10f4b032f92efd652f5bfc05cff337b7') in 0.004247 seconds
  Import took 0.011433 seconds .

========================================================================
Received Import Request.
  Time since last request: 17.921055 seconds.
  path: Assets/Scripts/ManageCartas.cs
  artifactKey: Guid(87c332dcaf8fff646a2a360614d820a6) Importer(815301076,1909f56bfc062723c751e8b465ee728b)
Start importing Assets/Scripts/ManageCartas.cs using Guid(87c332dcaf8fff646a2a360614d820a6) Importer(815301076,1909f56bfc062723c751e8b465ee728b)  -> (artifact id: 'd82df17c981c57117a05c230e048b535') in 0.004019 seconds
  Import took 0.011519 seconds .

========================================================================
Received Import Request.
  Time since last request: 41.602688 seconds.
  path: Assets/Scripts/ManageCartas.cs
  artifactKey: Guid(87c332dcaf8fff646a2a360614d820a6) Importer(815301076,1909f56bfc062723c751e8b465ee728b)
Start importing Assets/Scripts/ManageCartas.cs using Guid(87c332dcaf8fff646a2a360614d820a6) Importer(815301076,1909f56bfc062723c751e8b465ee728b)  -> (artifact id: 'bc6e74859cf9759b4e03c8e877bf63d0') in 0.004429 seconds
  Import took 0.011434 seconds .

========================================================================
Received Import Request.
  Time since last request: 1.035475 seconds.
  path: Assets/Scripts/ManageCartas.cs
  artifactKey: Guid(87c332dcaf8fff646a2a360614d820a6) Importer(815301076,1909f56bfc062723c751e8b465ee728b)
Start importing Assets/Scripts/ManageCartas.cs using Guid(87c332dcaf8fff646a2a360614d820a6) Importer(815301076,1909f56bfc062723c751e8b465ee728b)  -> (artifact id: 'e18febfe7f39a66c91334fe664b45142') in 0.003662 seconds
  Import took 0.010746 seconds .

========================================================================
Received Import Request.
  Time since last request: 103.056927 seconds.
  path: Assets/Scripts/ManageCartas.cs
  artifactKey: Guid(87c332dcaf8fff646a2a360614d820a6) Importer(815301076,1909f56bfc062723c751e8b465ee728b)
Start importing Assets/Scripts/ManageCartas.cs using Guid(87c332dcaf8fff646a2a360614d820a6) Importer(815301076,1909f56bfc062723c751e8b465ee728b)  -> (artifact id: '76497a5101b52b32ffc74f021e116a21') in 0.005474 seconds
  Import took 0.012602 seconds .

========================================================================
Received Import Request.
  Time since last request: 87.711541 seconds.
  path: Assets/Scripts/ManageCartas.cs
  artifactKey: Guid(87c332dcaf8fff646a2a360614d820a6) Importer(815301076,1909f56bfc062723c751e8b465ee728b)
Start importing Assets/Scripts/ManageCartas.cs using Guid(87c332dcaf8fff646a2a360614d820a6) Importer(815301076,1909f56bfc062723c751e8b465ee728b)  -> (artifact id: '4fb647826d06d8952b44b5b82590706f') in 0.003853 seconds
  Import took 0.010761 seconds .

========================================================================
Received Import Request.
  Time since last request: 4.717595 seconds.
  path: Assets/Scripts/ManageCartas.cs
  artifactKey: Guid(87c332dcaf8fff646a2a360614d820a6) Importer(815301076,1909f56bfc062723c751e8b465ee728b)
Start importing Assets/Scripts/ManageCartas.cs using Guid(87c332dcaf8fff646a2a360614d820a6) Importer(815301076,1909f56bfc062723c751e8b465ee728b)  -> (artifact id: 'f630e8422d1109c44e629fe448a50132') in 0.004163 seconds
  Import took 0.011674 seconds .

========================================================================
Received Import Request.
  Time since last request: 8.001661 seconds.
  path: Assets/Scripts/ManageCartas.cs
  artifactKey: Guid(87c332dcaf8fff646a2a360614d820a6) Importer(815301076,1909f56bfc062723c751e8b465ee728b)
Start importing Assets/Scripts/ManageCartas.cs using Guid(87c332dcaf8fff646a2a360614d820a6) Importer(815301076,1909f56bfc062723c751e8b465ee728b)  -> (artifact id: '6b8b4947eff1d0ecb9cdda0a3cb3359b') in 0.003738 seconds
  Import took 0.011326 seconds .

========================================================================
Received Import Request.
  Time since last request: 2.913155 seconds.
  path: Assets/Scripts/ManageCartas.cs
  artifactKey: Guid(87c332dcaf8fff646a2a360614d820a6) Importer(815301076,1909f56bfc062723c751e8b465ee728b)
Start importing Assets/Scripts/ManageCartas.cs using Guid(87c332dcaf8fff646a2a360614d820a6) Importer(815301076,1909f56bfc062723c751e8b465ee728b)  -> (artifact id: 'b0a28784e3fae9440c1178a3ab882784') in 0.003702 seconds
  Import took 0.010013 seconds .

========================================================================
Received Import Request.
  Time since last request: 2.029186 seconds.
  path: Assets/Scripts/ManageCartas.cs
  artifactKey: Guid(87c332dcaf8fff646a2a360614d820a6) Importer(815301076,1909f56bfc062723c751e8b465ee728b)
Start importing Assets/Scripts/ManageCartas.cs using Guid(87c332dcaf8fff646a2a360614d820a6) Importer(815301076,1909f56bfc062723c751e8b465ee728b)  -> (artifact id: '71d04d946094c9391cd144811c2fc2a0') in 0.004255 seconds
  Import took 0.011163 seconds .

========================================================================
Received Prepare
Registering precompiled user dll's ...
Registered in 0.004680 seconds.
Begin MonoManager ReloadAssembly
Native extension for WindowsStandalone target not found
Refreshing native plugins compatible for Editor in 0.44 ms, found 3 plugins.
Preloading 0 native plugins for Editor in 0.00 ms.
Invoked RoslynAnalysisRunner static constructor.
RoslynAnalysisRunner will not be running.
RoslynAnalysisRunner has terminated.
Mono: successfully reloaded assembly
- Completed reload, in  1.104 seconds
Platform modules already initialized, skipping
Refreshing native plugins compatible for Editor in 0.53 ms, found 3 plugins.
Preloading 0 native plugins for Editor in 0.00 ms.
Unloading 2085 Unused Serialized files (Serialized files now loaded: 0)
System memory in use before: 93.5 MB.
System memory in use after: 93.6 MB.

Unloading 14 unused Assets to reduce memory usage. Loaded Objects now: 2545.
Total: 2.373700 ms (FindLiveObjects: 0.206000 ms CreateObjectMapping: 0.067300 ms MarkObjects: 2.076500 ms  DeleteObjects: 0.022300 ms)

========================================================================
Received Import Request.
  Time since last request: 34.159819 seconds.
  path: Assets/Scripts/ManageConfigs.cs
  artifactKey: Guid(9ce4f364a94837c47b87742f10ec1e3c) Importer(815301076,1909f56bfc062723c751e8b465ee728b)
Start importing Assets/Scripts/ManageConfigs.cs using Guid(9ce4f364a94837c47b87742f10ec1e3c) Importer(815301076,1909f56bfc062723c751e8b465ee728b)  -> (artifact id: 'f280e6639ac118de77cad9a1038c76c4') in 0.007601 seconds
  Import took 0.014049 seconds .

========================================================================
Received Import Request.
  Time since last request: 31.656711 seconds.
  path: Assets/Scripts/ManageConfigs.cs
  artifactKey: Guid(9ce4f364a94837c47b87742f10ec1e3c) Importer(815301076,1909f56bfc062723c751e8b465ee728b)
Start importing Assets/Scripts/ManageConfigs.cs using Guid(9ce4f364a94837c47b87742f10ec1e3c) Importer(815301076,1909f56bfc062723c751e8b465ee728b)  -> (artifact id: '53f24285933d29024c16a59f0a79927f') in 0.004314 seconds
  Import took 0.011429 seconds .

========================================================================
Received Import Request.
  Time since last request: 0.004783 seconds.
  path: Assets/Scripts/ManageConfigs.cs
  artifactKey: Guid(9ce4f364a94837c47b87742f10ec1e3c) Importer(815301076,1909f56bfc062723c751e8b465ee728b)
Start importing Assets/Scripts/ManageConfigs.cs using Guid(9ce4f364a94837c47b87742f10ec1e3c) Importer(815301076,1909f56bfc062723c751e8b465ee728b)  -> (artifact id: '53f24285933d29024c16a59f0a79927f') in 0.003623 seconds
  Import took 0.010616 seconds .

========================================================================
Received Import Request.
  Time since last request: 23.618472 seconds.
  path: Assets/Scripts/ManageConfigs.cs
  artifactKey: Guid(9ce4f364a94837c47b87742f10ec1e3c) Importer(815301076,1909f56bfc062723c751e8b465ee728b)
Start importing Assets/Scripts/ManageConfigs.cs using Guid(9ce4f364a94837c47b87742f10ec1e3c) Importer(815301076,1909f56bfc062723c751e8b465ee728b)  -> (artifact id: 'a437bf2e757f314133c6bfbac25c21d5') in 0.004297 seconds
  Import took 0.011813 seconds .

========================================================================
Received Import Request.
  Time since last request: 0.003648 seconds.
  path: Assets/Scripts/ManageConfigs.cs
  artifactKey: Guid(9ce4f364a94837c47b87742f10ec1e3c) Importer(815301076,1909f56bfc062723c751e8b465ee728b)
Start importing Assets/Scripts/ManageConfigs.cs using Guid(9ce4f364a94837c47b87742f10ec1e3c) Importer(815301076,1909f56bfc062723c751e8b465ee728b)  -> (artifact id: 'a437bf2e757f314133c6bfbac25c21d5') in 0.003666 seconds
  Import took 0.010552 seconds .

========================================================================
Received Import Request.
  Time since last request: 16.624579 seconds.
  path: Assets/Scripts/ManageConfigs.cs
  artifactKey: Guid(9ce4f364a94837c47b87742f10ec1e3c) Importer(815301076,1909f56bfc062723c751e8b465ee728b)
Start importing Assets/Scripts/ManageConfigs.cs using Guid(9ce4f364a94837c47b87742f10ec1e3c) Importer(815301076,1909f56bfc062723c751e8b465ee728b)  -> (artifact id: '3b1cbfa928fd3a4db4b7714920d05653') in 0.004272 seconds
  Import took 0.011462 seconds .

========================================================================
Received Import Request.
  Time since last request: 0.004098 seconds.
  path: Assets/Scripts/ManageConfigs.cs
  artifactKey: Guid(9ce4f364a94837c47b87742f10ec1e3c) Importer(815301076,1909f56bfc062723c751e8b465ee728b)
Start importing Assets/Scripts/ManageConfigs.cs using Guid(9ce4f364a94837c47b87742f10ec1e3c) Importer(815301076,1909f56bfc062723c751e8b465ee728b)  -> (artifact id: '3b1cbfa928fd3a4db4b7714920d05653') in 0.003369 seconds
  Import took 0.010899 seconds .

========================================================================
Received Import Request.
  Time since last request: 25.575632 seconds.
  path: Assets/Scripts/ManageConfigs.cs
  artifactKey: Guid(9ce4f364a94837c47b87742f10ec1e3c) Importer(815301076,1909f56bfc062723c751e8b465ee728b)
Start importing Assets/Scripts/ManageConfigs.cs using Guid(9ce4f364a94837c47b87742f10ec1e3c) Importer(815301076,1909f56bfc062723c751e8b465ee728b)  -> (artifact id: '8063cb79518a5163b7f8a53fcc46e994') in 0.005366 seconds
  Import took 0.015214 seconds .

========================================================================
Received Import Request.
  Time since last request: 0.001299 seconds.
  path: Assets/Scripts/ManageConfigs.cs
  artifactKey: Guid(9ce4f364a94837c47b87742f10ec1e3c) Importer(815301076,1909f56bfc062723c751e8b465ee728b)
Start importing Assets/Scripts/ManageConfigs.cs using Guid(9ce4f364a94837c47b87742f10ec1e3c) Importer(815301076,1909f56bfc062723c751e8b465ee728b)  -> (artifact id: '8063cb79518a5163b7f8a53fcc46e994') in 0.004270 seconds
  Import took 0.010928 seconds .

========================================================================
Received Import Request.
  Time since last request: 11.838296 seconds.
  path: Assets/Scripts/ManageConfigs.cs
  artifactKey: Guid(9ce4f364a94837c47b87742f10ec1e3c) Importer(815301076,1909f56bfc062723c751e8b465ee728b)
Start importing Assets/Scripts/ManageConfigs.cs using Guid(9ce4f364a94837c47b87742f10ec1e3c) Importer(815301076,1909f56bfc062723c751e8b465ee728b)  -> (artifact id: 'e73c816470b2bb3c47875932a6b58d22') in 0.004220 seconds
  Import took 0.011018 seconds .

========================================================================
Received Import Request.
  Time since last request: 0.005431 seconds.
  path: Assets/Scripts/ManageConfigs.cs
  artifactKey: Guid(9ce4f364a94837c47b87742f10ec1e3c) Importer(815301076,1909f56bfc062723c751e8b465ee728b)
Start importing Assets/Scripts/ManageConfigs.cs using Guid(9ce4f364a94837c47b87742f10ec1e3c) Importer(815301076,1909f56bfc062723c751e8b465ee728b)  -> (artifact id: 'e73c816470b2bb3c47875932a6b58d22') in 0.004111 seconds
  Import took 0.011262 seconds .

========================================================================
Received Import Request.
  Time since last request: 5.223974 seconds.
  path: Assets/Scripts/ManageConfigs.cs
  artifactKey: Guid(9ce4f364a94837c47b87742f10ec1e3c) Importer(815301076,1909f56bfc062723c751e8b465ee728b)
Start importing Assets/Scripts/ManageConfigs.cs using Guid(9ce4f364a94837c47b87742f10ec1e3c) Importer(815301076,1909f56bfc062723c751e8b465ee728b)  -> (artifact id: '03384e95ab976dd6c6c1769606f45d67') in 0.003958 seconds
  Import took 0.011254 seconds .

========================================================================
Received Import Request.
  Time since last request: 0.003767 seconds.
  path: Assets/Scripts/ManageConfigs.cs
  artifactKey: Guid(9ce4f364a94837c47b87742f10ec1e3c) Importer(815301076,1909f56bfc062723c751e8b465ee728b)
Start importing Assets/Scripts/ManageConfigs.cs using Guid(9ce4f364a94837c47b87742f10ec1e3c) Importer(815301076,1909f56bfc062723c751e8b465ee728b)  -> (artifact id: '03384e95ab976dd6c6c1769606f45d67') in 0.003786 seconds
  Import took 0.010585 seconds .

========================================================================
Received Import Request.
  Time since last request: 2.416191 seconds.
  path: Assets/Scripts/ManageConfigs.cs
  artifactKey: Guid(9ce4f364a94837c47b87742f10ec1e3c) Importer(815301076,1909f56bfc062723c751e8b465ee728b)
Start importing Assets/Scripts/ManageConfigs.cs using Guid(9ce4f364a94837c47b87742f10ec1e3c) Importer(815301076,1909f56bfc062723c751e8b465ee728b)  -> (artifact id: 'fea838524fb3eab431da5e4376d8e0c3') in 0.024805 seconds
  Import took 0.049007 seconds .

========================================================================
Received Import Request.
  Time since last request: 6.420297 seconds.
  path: Assets/Scripts/ManageConfigs.cs
  artifactKey: Guid(9ce4f364a94837c47b87742f10ec1e3c) Importer(815301076,1909f56bfc062723c751e8b465ee728b)
Start importing Assets/Scripts/ManageConfigs.cs using Guid(9ce4f364a94837c47b87742f10ec1e3c) Importer(815301076,1909f56bfc062723c751e8b465ee728b)  -> (artifact id: '4740ef8d56f248885186673a8f7e97bd') in 0.004183 seconds
  Import took 0.011732 seconds .

========================================================================
Received Import Request.
  Time since last request: 0.003042 seconds.
  path: Assets/Scripts/ManageConfigs.cs
  artifactKey: Guid(9ce4f364a94837c47b87742f10ec1e3c) Importer(815301076,1909f56bfc062723c751e8b465ee728b)
Start importing Assets/Scripts/ManageConfigs.cs using Guid(9ce4f364a94837c47b87742f10ec1e3c) Importer(815301076,1909f56bfc062723c751e8b465ee728b)  -> (artifact id: '4740ef8d56f248885186673a8f7e97bd') in 0.003921 seconds
  Import took 0.010440 seconds .

========================================================================
Received Import Request.
  Time since last request: 6.611467 seconds.
  path: Assets/Scripts/ManageConfigs.cs
  artifactKey: Guid(9ce4f364a94837c47b87742f10ec1e3c) Importer(815301076,1909f56bfc062723c751e8b465ee728b)
Start importing Assets/Scripts/ManageConfigs.cs using Guid(9ce4f364a94837c47b87742f10ec1e3c) Importer(815301076,1909f56bfc062723c751e8b465ee728b)  -> (artifact id: '681e57f4e850841e51678d1b7caedecf') in 0.003914 seconds
  Import took 0.011550 seconds .

========================================================================
Received Import Request.
  Time since last request: 0.003646 seconds.
  path: Assets/Scripts/ManageConfigs.cs
  artifactKey: Guid(9ce4f364a94837c47b87742f10ec1e3c) Importer(815301076,1909f56bfc062723c751e8b465ee728b)
Start importing Assets/Scripts/ManageConfigs.cs using Guid(9ce4f364a94837c47b87742f10ec1e3c) Importer(815301076,1909f56bfc062723c751e8b465ee728b)  -> (artifact id: '681e57f4e850841e51678d1b7caedecf') in 0.003396 seconds
  Import took 0.010584 seconds .

========================================================================
Received Import Request.
  Time since last request: 14.697365 seconds.
  path: Assets/Scripts/ManageConfigs.cs
  artifactKey: Guid(9ce4f364a94837c47b87742f10ec1e3c) Importer(815301076,1909f56bfc062723c751e8b465ee728b)
Start importing Assets/Scripts/ManageConfigs.cs using Guid(9ce4f364a94837c47b87742f10ec1e3c) Importer(815301076,1909f56bfc062723c751e8b465ee728b)  -> (artifact id: '1e417958a0a4c871c4ec31dd969188f5') in 0.003837 seconds
  Import took 0.012772 seconds .

========================================================================
Received Import Request.
  Time since last request: 0.003088 seconds.
  path: Assets/Scripts/ManageConfigs.cs
  artifactKey: Guid(9ce4f364a94837c47b87742f10ec1e3c) Importer(815301076,1909f56bfc062723c751e8b465ee728b)
Start importing Assets/Scripts/ManageConfigs.cs using Guid(9ce4f364a94837c47b87742f10ec1e3c) Importer(815301076,1909f56bfc062723c751e8b465ee728b)  -> (artifact id: '1e417958a0a4c871c4ec31dd969188f5') in 0.003575 seconds
  Import took 0.011327 seconds .

========================================================================
Received Import Request.
  Time since last request: 4.819873 seconds.
  path: Assets/Scripts/ManageConfigs.cs
  artifactKey: Guid(9ce4f364a94837c47b87742f10ec1e3c) Importer(815301076,1909f56bfc062723c751e8b465ee728b)
Start importing Assets/Scripts/ManageConfigs.cs using Guid(9ce4f364a94837c47b87742f10ec1e3c) Importer(815301076,1909f56bfc062723c751e8b465ee728b)  -> (artifact id: '6495c892aa041b6a2c4db3ea8aa46c2e') in 0.004115 seconds
  Import took 0.011277 seconds .

========================================================================
Received Import Request.
  Time since last request: 0.004399 seconds.
  path: Assets/Scripts/ManageConfigs.cs
  artifactKey: Guid(9ce4f364a94837c47b87742f10ec1e3c) Importer(815301076,1909f56bfc062723c751e8b465ee728b)
Start importing Assets/Scripts/ManageConfigs.cs using Guid(9ce4f364a94837c47b87742f10ec1e3c) Importer(815301076,1909f56bfc062723c751e8b465ee728b)  -> (artifact id: '6495c892aa041b6a2c4db3ea8aa46c2e') in 0.003708 seconds
  Import took 0.010650 seconds .

========================================================================
Received Import Request.
  Time since last request: 19.001809 seconds.
  path: Assets/Scripts/ManageConfigs.cs
  artifactKey: Guid(9ce4f364a94837c47b87742f10ec1e3c) Importer(815301076,1909f56bfc062723c751e8b465ee728b)
Start importing Assets/Scripts/ManageConfigs.cs using Guid(9ce4f364a94837c47b87742f10ec1e3c) Importer(815301076,1909f56bfc062723c751e8b465ee728b)  -> (artifact id: 'a93e172307c6c49ce79f2f770d1fb6d9') in 0.005046 seconds
  Import took 0.013122 seconds .

========================================================================
Received Import Request.
  Time since last request: 0.004574 seconds.
  path: Assets/Scripts/ManageConfigs.cs
  artifactKey: Guid(9ce4f364a94837c47b87742f10ec1e3c) Importer(815301076,1909f56bfc062723c751e8b465ee728b)
Start importing Assets/Scripts/ManageConfigs.cs using Guid(9ce4f364a94837c47b87742f10ec1e3c) Importer(815301076,1909f56bfc062723c751e8b465ee728b)  -> (artifact id: 'a93e172307c6c49ce79f2f770d1fb6d9') in 0.004476 seconds
  Import took 0.013055 seconds .

========================================================================
Received Import Request.
  Time since last request: 18.491614 seconds.
  path: Assets/Scripts/ManageConfigs.cs
  artifactKey: Guid(9ce4f364a94837c47b87742f10ec1e3c) Importer(815301076,1909f56bfc062723c751e8b465ee728b)
Start importing Assets/Scripts/ManageConfigs.cs using Guid(9ce4f364a94837c47b87742f10ec1e3c) Importer(815301076,1909f56bfc062723c751e8b465ee728b)  -> (artifact id: '510f9b83bc9b65165a6791a36e4df2e2') in 0.005111 seconds
  Import took 0.011543 seconds .

========================================================================
Received Import Request.
  Time since last request: 28.865569 seconds.
  path: Assets/Scripts/ManageConfigs.cs
  artifactKey: Guid(9ce4f364a94837c47b87742f10ec1e3c) Importer(815301076,1909f56bfc062723c751e8b465ee728b)
Start importing Assets/Scripts/ManageConfigs.cs using Guid(9ce4f364a94837c47b87742f10ec1e3c) Importer(815301076,1909f56bfc062723c751e8b465ee728b)  -> (artifact id: 'b33fd1ad3b4310aeccf9882e179a082b') in 0.004247 seconds
  Import took 0.011451 seconds .

========================================================================
Received Import Request.
  Time since last request: 0.004358 seconds.
  path: Assets/Scripts/ManageConfigs.cs
  artifactKey: Guid(9ce4f364a94837c47b87742f10ec1e3c) Importer(815301076,1909f56bfc062723c751e8b465ee728b)
Start importing Assets/Scripts/ManageConfigs.cs using Guid(9ce4f364a94837c47b87742f10ec1e3c) Importer(815301076,1909f56bfc062723c751e8b465ee728b)  -> (artifact id: 'b33fd1ad3b4310aeccf9882e179a082b') in 0.003548 seconds
  Import took 0.010515 seconds .

========================================================================
Received Prepare
Registering precompiled user dll's ...
Registered in 0.004788 seconds.
Begin MonoManager ReloadAssembly
Native extension for WindowsStandalone target not found
Refreshing native plugins compatible for Editor in 0.41 ms, found 3 plugins.
Preloading 0 native plugins for Editor in 0.00 ms.
Invoked RoslynAnalysisRunner static constructor.
RoslynAnalysisRunner will not be running.
RoslynAnalysisRunner has terminated.
Mono: successfully reloaded assembly
- Completed reload, in  1.141 seconds
Platform modules already initialized, skipping
Refreshing native plugins compatible for Editor in 0.43 ms, found 3 plugins.
Preloading 0 native plugins for Editor in 0.00 ms.
Unloading 2085 Unused Serialized files (Serialized files now loaded: 0)
System memory in use before: 93.5 MB.
System memory in use after: 93.7 MB.

Unloading 14 unused Assets to reduce memory usage. Loaded Objects now: 2548.
Total: 2.890700 ms (FindLiveObjects: 0.261900 ms CreateObjectMapping: 0.125800 ms MarkObjects: 2.478400 ms  DeleteObjects: 0.022400 ms)

========================================================================
Received Prepare
Registering precompiled user dll's ...
Registered in 0.003958 seconds.
Begin MonoManager ReloadAssembly
Native extension for WindowsStandalone target not found
Refreshing native plugins compatible for Editor in 0.43 ms, found 3 plugins.
Preloading 0 native plugins for Editor in 0.00 ms.
Invoked RoslynAnalysisRunner static constructor.
RoslynAnalysisRunner will not be running.
RoslynAnalysisRunner has terminated.
Mono: successfully reloaded assembly
- Completed reload, in  1.010 seconds
Platform modules already initialized, skipping
Refreshing native plugins compatible for Editor in 0.45 ms, found 3 plugins.
Preloading 0 native plugins for Editor in 0.00 ms.
Unloading 2085 Unused Serialized files (Serialized files now loaded: 0)
System memory in use before: 93.6 MB.
System memory in use after: 93.7 MB.

Unloading 14 unused Assets to reduce memory usage. Loaded Objects now: 2551.
Total: 2.501300 ms (FindLiveObjects: 0.240300 ms CreateObjectMapping: 0.093500 ms MarkObjects: 2.145100 ms  DeleteObjects: 0.020800 ms)

========================================================================
Received Import Request.
  Time since last request: 254.303877 seconds.
  path: Assets/Scripts/Tile.cs
  artifactKey: Guid(585ae69146e41e242aa489a01993ac27) Importer(815301076,1909f56bfc062723c751e8b465ee728b)
Start importing Assets/Scripts/Tile.cs using Guid(585ae69146e41e242aa489a01993ac27) Importer(815301076,1909f56bfc062723c751e8b465ee728b)  -> (artifact id: 'efb5837982c8cacee8c808ea262c3ecb') in 0.011192 seconds
  Import took 0.019248 seconds .

========================================================================
Received Prepare
Registering precompiled user dll's ...
Registered in 0.004508 seconds.
Begin MonoManager ReloadAssembly
Native extension for WindowsStandalone target not found
Refreshing native plugins compatible for Editor in 0.44 ms, found 3 plugins.
Preloading 0 native plugins for Editor in 0.00 ms.
Invoked RoslynAnalysisRunner static constructor.
RoslynAnalysisRunner will not be running.
RoslynAnalysisRunner has terminated.
Mono: successfully reloaded assembly
- Completed reload, in  1.065 seconds
Platform modules already initialized, skipping
Refreshing native plugins compatible for Editor in 0.42 ms, found 3 plugins.
Preloading 0 native plugins for Editor in 0.00 ms.
Unloading 2085 Unused Serialized files (Serialized files now loaded: 0)
System memory in use before: 93.6 MB.
System memory in use after: 93.7 MB.

Unloading 14 unused Assets to reduce memory usage. Loaded Objects now: 2554.
Total: 2.564800 ms (FindLiveObjects: 0.234100 ms CreateObjectMapping: 0.107300 ms MarkObjects: 2.201200 ms  DeleteObjects: 0.020100 ms)

AssetImportWorkerClient::OnTransportError - code=2 error=End of file
